<?xml version="1.0" encoding="UTF-8"?>
<testng-results ignored="0" total="5" passed="5" failed="0" skipped="0">
  <reporter-output>
  </reporter-output>
  <suite started-at="2025-08-13T21:23:32 IST" name="OrangeHRMSuite" finished-at="2025-08-13T21:24:28 IST" duration-ms="55723">
    <groups>
    </groups>
    <test started-at="2025-08-13T21:23:32 IST" name="OrangeHRMTest" finished-at="2025-08-13T21:24:28 IST" duration-ms="55723">
      <class name="com.orangeHRM_Tests.DummyClass2">
        <test-method is-config="true" signature="setup()[pri:0, instance:com.orangeHRM_Tests.DummyClass2@f58853c]" started-at="2025-08-13T21:23:43 IST" name="setup" finished-at="2025-08-13T21:23:50 IST" duration-ms="6555" status="PASS">
          <reporter-output>
          </reporter-output>
        </test-method> <!-- setup -->
        <test-method signature="Dummy2()[pri:0, instance:com.orangeHRM_Tests.DummyClass2@f58853c]" started-at="2025-08-13T21:23:50 IST" name="Dummy2" finished-at="2025-08-13T21:23:50 IST" duration-ms="49" status="PASS">
          <reporter-output>
          </reporter-output>
        </test-method> <!-- Dummy2 -->
        <test-method is-config="true" signature="tearDown()[pri:0, instance:com.orangeHRM_Tests.DummyClass2@f58853c]" started-at="2025-08-13T21:23:50 IST" name="tearDown" finished-at="2025-08-13T21:23:50 IST" duration-ms="379" status="PASS">
          <reporter-output>
          </reporter-output>
        </test-method> <!-- tearDown -->
      </class> <!-- com.orangeHRM_Tests.DummyClass2 -->
      <class name="com.orangeHRM_Tests.HomePageTest">
        <test-method is-config="true" signature="setup()[pri:0, instance:com.orangeHRM_Tests.HomePageTest@20bd8be5]" started-at="2025-08-13T21:24:15 IST" name="setup" finished-at="2025-08-13T21:24:22 IST" duration-ms="6178" status="PASS">
          <reporter-output>
          </reporter-output>
        </test-method> <!-- setup -->
        <test-method signature="VerifyOrangeHRMlogo()[pri:0, instance:com.orangeHRM_Tests.HomePageTest@20bd8be5]" started-at="2025-08-13T21:24:22 IST" name="VerifyOrangeHRMlogo" finished-at="2025-08-13T21:24:27 IST" duration-ms="5631" status="PASS">
          <reporter-output>
          </reporter-output>
        </test-method> <!-- VerifyOrangeHRMlogo -->
        <test-method is-config="true" signature="setupPages()[pri:0, instance:com.orangeHRM_Tests.HomePageTest@20bd8be5]" started-at="2025-08-13T21:24:22 IST" name="setupPages" finished-at="2025-08-13T21:24:22 IST" duration-ms="0" status="PASS">
          <reporter-output>
          </reporter-output>
        </test-method> <!-- setupPages -->
        <test-method is-config="true" signature="tearDown()[pri:0, instance:com.orangeHRM_Tests.HomePageTest@20bd8be5]" started-at="2025-08-13T21:24:27 IST" name="tearDown" finished-at="2025-08-13T21:24:28 IST" duration-ms="297" status="PASS">
          <reporter-output>
          </reporter-output>
        </test-method> <!-- tearDown -->
      </class> <!-- com.orangeHRM_Tests.HomePageTest -->
      <class name="com.orangeHRM_Tests.LoginPageTest">
        <test-method is-config="true" signature="setup()[pri:0, instance:com.orangeHRM_Tests.LoginPageTest@1224144a]" started-at="2025-08-13T21:23:50 IST" name="setup" finished-at="2025-08-13T21:23:57 IST" duration-ms="6541" status="PASS">
          <reporter-output>
          </reporter-output>
        </test-method> <!-- setup -->
        <test-method signature="invalidlogin()[pri:0, instance:com.orangeHRM_Tests.LoginPageTest@1224144a]" started-at="2025-08-13T21:23:57 IST" name="invalidlogin" finished-at="2025-08-13T21:24:01 IST" duration-ms="4482" status="PASS">
          <reporter-output>
          </reporter-output>
        </test-method> <!-- invalidlogin -->
        <test-method is-config="true" signature="setupPages()[pri:0, instance:com.orangeHRM_Tests.LoginPageTest@1224144a]" started-at="2025-08-13T21:23:57 IST" name="setupPages" finished-at="2025-08-13T21:23:57 IST" duration-ms="0" status="PASS">
          <reporter-output>
          </reporter-output>
        </test-method> <!-- setupPages -->
        <test-method is-config="true" signature="tearDown()[pri:0, instance:com.orangeHRM_Tests.LoginPageTest@1224144a]" started-at="2025-08-13T21:24:01 IST" name="tearDown" finished-at="2025-08-13T21:24:02 IST" duration-ms="385" status="PASS">
          <reporter-output>
          </reporter-output>
        </test-method> <!-- tearDown -->
        <test-method is-config="true" signature="setup()[pri:0, instance:com.orangeHRM_Tests.LoginPageTest@1224144a]" started-at="2025-08-13T21:24:02 IST" name="setup" finished-at="2025-08-13T21:24:08 IST" duration-ms="6467" status="PASS">
          <reporter-output>
          </reporter-output>
        </test-method> <!-- setup -->
        <test-method signature="verifyvalidloginTest()[pri:0, instance:com.orangeHRM_Tests.LoginPageTest@1224144a]" started-at="2025-08-13T21:24:08 IST" name="verifyvalidloginTest" finished-at="2025-08-13T21:24:15 IST" duration-ms="6876" status="PASS">
          <reporter-output>
          </reporter-output>
        </test-method> <!-- verifyvalidloginTest -->
        <test-method is-config="true" signature="setupPages()[pri:0, instance:com.orangeHRM_Tests.LoginPageTest@1224144a]" started-at="2025-08-13T21:24:08 IST" name="setupPages" finished-at="2025-08-13T21:24:08 IST" duration-ms="0" status="PASS">
          <reporter-output>
          </reporter-output>
        </test-method> <!-- setupPages -->
        <test-method is-config="true" signature="tearDown()[pri:0, instance:com.orangeHRM_Tests.LoginPageTest@1224144a]" started-at="2025-08-13T21:24:15 IST" name="tearDown" finished-at="2025-08-13T21:24:15 IST" duration-ms="356" status="PASS">
          <reporter-output>
          </reporter-output>
        </test-method> <!-- tearDown -->
      </class> <!-- com.orangeHRM_Tests.LoginPageTest -->
      <class name="com.orangeHRM_Tests.DummyClass">
        <test-method is-config="true" signature="loadConfig()[pri:0, instance:com.orangeHRM_Tests.DummyClass@45385f75]" started-at="2025-08-13T21:23:32 IST" name="loadConfig" finished-at="2025-08-13T21:23:32 IST" duration-ms="67" status="PASS">
          <reporter-output>
          </reporter-output>
        </test-method> <!-- loadConfig -->
        <test-method is-config="true" signature="setup()[pri:0, instance:com.orangeHRM_Tests.DummyClass@45385f75]" started-at="2025-08-13T21:23:32 IST" name="setup" finished-at="2025-08-13T21:23:43 IST" duration-ms="10814" status="PASS">
          <reporter-output>
          </reporter-output>
        </test-method> <!-- setup -->
        <test-method signature="Dummy()[pri:0, instance:com.orangeHRM_Tests.DummyClass@45385f75]" started-at="2025-08-13T21:23:43 IST" name="Dummy" finished-at="2025-08-13T21:23:43 IST" duration-ms="69" status="PASS">
          <reporter-output>
          </reporter-output>
        </test-method> <!-- Dummy -->
        <test-method is-config="true" signature="tearDown()[pri:0, instance:com.orangeHRM_Tests.DummyClass@45385f75]" started-at="2025-08-13T21:23:43 IST" name="tearDown" finished-at="2025-08-13T21:23:43 IST" duration-ms="498" status="PASS">
          <reporter-output>
          </reporter-output>
        </test-method> <!-- tearDown -->
      </class> <!-- com.orangeHRM_Tests.DummyClass -->
    </test> <!-- OrangeHRMTest -->
  </suite> <!-- OrangeHRMSuite -->
</testng-results>
