<?xml version="1.0" encoding="UTF-8"?>
<testng-results ignored="0" total="1" passed="1" failed="0" skipped="0">
  <reporter-output>
  </reporter-output>
  <suite started-at="2025-07-31T11:38:48 IST" name="Default suite" finished-at="2025-07-31T11:39:04 IST" duration-ms="15859">
    <groups>
    </groups>
    <test started-at="2025-07-31T11:38:48 IST" name="Default test" finished-at="2025-07-31T11:39:04 IST" duration-ms="15859">
      <class name="com.orangeHRM_Tests.HomePageTest">
        <test-method is-config="true" signature="loadConfig()[pri:0, instance:com.orangeHRM_Tests.HomePageTest@5efa40fe]" started-at="2025-07-31T11:38:48 IST" name="loadConfig" finished-at="2025-07-31T11:38:48 IST" duration-ms="12" status="PASS">
          <reporter-output>
          </reporter-output>
        </test-method> <!-- loadConfig -->
        <test-method is-config="true" signature="setup()[pri:0, instance:com.orangeHRM_Tests.HomePageTest@5efa40fe]" started-at="2025-07-31T11:38:48 IST" name="setup" finished-at="2025-07-31T11:38:56 IST" duration-ms="7994" status="PASS">
          <reporter-output>
          </reporter-output>
        </test-method> <!-- setup -->
        <test-method is-config="true" signature="setupPages()[pri:0, instance:com.orangeHRM_Tests.HomePageTest@5efa40fe]" started-at="2025-07-31T11:38:56 IST" name="setupPages" finished-at="2025-07-31T11:38:56 IST" duration-ms="14" status="PASS">
          <reporter-output>
          </reporter-output>
        </test-method> <!-- setupPages -->
        <test-method signature="VerifyOrangeHRMlogo()[pri:0, instance:com.orangeHRM_Tests.HomePageTest@5efa40fe]" started-at="2025-07-31T11:38:56 IST" name="VerifyOrangeHRMlogo" finished-at="2025-07-31T11:39:04 IST" duration-ms="7346" status="PASS">
          <reporter-output>
          </reporter-output>
        </test-method> <!-- VerifyOrangeHRMlogo -->
        <test-method is-config="true" signature="tearDown()[pri:0, instance:com.orangeHRM_Tests.HomePageTest@5efa40fe]" started-at="2025-07-31T11:39:04 IST" name="tearDown" finished-at="2025-07-31T11:39:04 IST" duration-ms="438" status="PASS">
          <reporter-output>
          </reporter-output>
        </test-method> <!-- tearDown -->
      </class> <!-- com.orangeHRM_Tests.HomePageTest -->
    </test> <!-- Default test -->
  </suite> <!-- Default suite -->
</testng-results>
