<?xml version="1.0" encoding="UTF-8"?>
<!-- Generated by org.testng.reporters.JUnitXMLReporter -->
<testsuite ignored="3" hostname="VISHESH-KUMAR" failures="0" tests="5" name="OrangeHRMTest" time="55.723" errors="0" timestamp="2025-08-13T21:24:28 IST">
  <testcase classname="com.orangeHRM_Tests.DummyClass" name="Dummy" time="0.069"/>
  <testcase classname="com.orangeHRM_Tests.DummyClass2" name="Dummy2" time="0.049"/>
  <testcase classname="com.orangeHRM_Tests.LoginPageTest" name="invalidlogin" time="4.482"/>
  <testcase classname="com.orangeHRM_Tests.LoginPageTest" name="verifyvalidloginTest" time="6.876"/>
  <testcase classname="com.orangeHRM_Tests.HomePageTest" name="VerifyOrangeHRMlogo" time="5.631"/>
  <testcase classname="com.orangeHRM_Base.BaseClassHRM" name="@BeforeSuite loadConfig" time="0.0">
    <ignored/>
  </testcase> <!-- @BeforeSuite loadConfig -->
  <testcase classname="com.orangeHRM_Base.BaseClassHRM" name="@BeforeSuite loadConfig" time="0.0">
    <ignored/>
  </testcase> <!-- @BeforeSuite loadConfig -->
  <testcase classname="com.orangeHRM_Base.BaseClassHRM" name="@BeforeSuite loadConfig" time="0.0">
    <ignored/>
  </testcase> <!-- @BeforeSuite loadConfig -->
</testsuite> <!-- OrangeHRMTest -->
