<?xml version="1.0" encoding="UTF-8"?>
<!-- Generated by org.testng.reporters.JUnitXMLReporter -->
<testsuite ignored="1" hostname="VISHESH-KUMAR" failures="0" tests="1" name="OrangeHRMSuites" time="1.761" errors="0" timestamp="2025-07-04T17:21:24 IST">
  <testcase classname="com.orangeHRM_Base.BaseClass" name="@BeforeMethod setup" time="1.699">
    <failure type="java.lang.NumberFormatException" message="Cannot parse null string">
      <![CDATA[java.lang.NumberFormatException: Cannot parse null string
at java.base/java.lang.Integer.parseInt(Integer.java:550)
at java.base/java.lang.Integer.parseInt(Integer.java:685)
at com.orangeHRM_Base.BaseClass.configBrowser(BaseClass.java:58)
at com.orangeHRM_Base.BaseClass.setup(BaseClass.java:35)
at java.base/java.util.ArrayList.forEach(ArrayList.java:1597)
... Removed 29 stack frames]]>
    </failure>
  </testcase> <!-- @BeforeMethod setup -->
  <testcase classname="com.orangeHRM_Base.BaseClass" name="@AfterMethod tearDown" time="0.0">
    <skipped/>
  </testcase> <!-- @AfterMethod tearDown -->
  <testcase classname="com.orangeHRM_Tests.DummyClass" name="Dummy" time="0.0">
    <skipped/>
  </testcase> <!-- Dummy -->
  <testcase classname="com.orangeHRM_Base.BaseClass" name="@BeforeSuite loadConfig" time="0.0">
    <ignored/>
  </testcase> <!-- @BeforeSuite loadConfig -->
</testsuite> <!-- OrangeHRMSuites -->
